<?xml version="1.0" encoding="UTF-8"?>
<!-- Generated by org.testng.reporters.JUnitReportReporter -->
<testsuite hostname="BLR1-LHP-N81084" failures="0" tests="3" name="com.automation.Test.BookingTest" time="5.054" errors="0" timestamp="2022-08-22T10:25:23 IST" skipped="0">
  <testcase classname="com.automation.Test.BookingTest" name="verifyBooking" time="1.250"/>
  <system-out/>
  <testcase classname="com.automation.Test.BookingTest" name="loadSearchPage" time="1.236"/>
  <system-out/>
  <testcase classname="com.automation.Test.BookingTest" name="turnOffWifi" time="2.568"/>
  <system-out/>
</testsuite> <!-- com.automation.Test.BookingTest -->
