<?xml version="1.0" encoding="UTF-8"?>
<!-- Generated by org.testng.reporters.JUnitReportReporter -->
<testsuite hostname="BLR1-LHP-N81084" failures="0" tests="4" name="com.automation.Test.SearchFlightTest" time="5.343" errors="0" timestamp="2022-09-13T21:05:56 IST" skipped="0">
  <testcase classname="com.automation.Test.SearchFlightTest" name="BasicSearch" time="1.318"/>
  <system-out/>
  <testcase classname="com.automation.Test.SearchFlightTest" name="ParameterizedSearch" time="0.809"/>
  <system-out/>
  <testcase classname="com.automation.Test.SearchFlightTest" name="RoundTripSearch" time="1.996"/>
  <system-out/>
  <testcase classname="com.automation.Test.SearchFlightTest" name="MultiCitySearch" time="1.220"/>
  <system-out/>
</testsuite> <!-- com.automation.Test.SearchFlightTest -->
