<?xml version="1.0" encoding="UTF-8"?>
<!-- Generated by org.testng.reporters.JUnitReportReporter -->
<testsuite hostname="BLR1-LHP-N81084" failures="0" tests="1" name="com.automation.Test.RegisterTest" time="1.660" errors="0" timestamp="2022-08-22T10:25:23 IST" skipped="0">
  <testcase classname="com.automation.Test.RegisterTest" name="registerWithValidData" time="1.660"/>
  <system-out/>
</testsuite> <!-- com.automation.Test.RegisterTest -->
