<?xml version="1.0" encoding="UTF-8"?>
<!-- Generated by org.testng.reporters.JUnitReportReporter -->
<testsuite hostname="BLR1-LHP-N81084" failures="0" tests="4" name="com.automation.Test.SearchFlightTest" time="8.742" errors="0" timestamp="2022-08-21T12:14:41 IST" skipped="0">
  <testcase classname="com.automation.Test.SearchFlightTest" name="BasicSearch" time="1.896"/>
  <system-out/>
  <testcase classname="com.automation.Test.SearchFlightTest" name="ParameterizedSearch" time="1.794"/>
  <system-out/>
  <testcase classname="com.automation.Test.SearchFlightTest" name="RoundTripSearch" time="2.774"/>
  <system-out/>
  <testcase classname="com.automation.Test.SearchFlightTest" name="MultiCitySearch" time="2.278"/>
  <system-out/>
</testsuite> <!-- com.automation.Test.SearchFlightTest -->
