<?xml version="1.0" encoding="UTF-8"?>
<!-- Generated by org.testng.reporters.JUnitReportReporter -->
<testsuite hostname="BLR1-LHP-N81084" failures="0" tests="2" name="com.automation.Test.BookingTest" time="2.344" errors="0" timestamp="2022-09-13T21:05:56 IST" skipped="0">
  <testcase classname="com.automation.Test.BookingTest" name="loadSearchPage" time="1.101"/>
  <system-out/>
  <testcase classname="com.automation.Test.BookingTest" name="verifyBooking" time="1.243"/>
  <system-out/>
</testsuite> <!-- com.automation.Test.BookingTest -->
