<?xml version="1.0" encoding="UTF-8"?>
<!-- Generated by org.testng.reporters.JUnitReportReporter -->
<testsuite hostname="BLR1-LHP-N81084" failures="0" tests="4" name="com.automation.Test.SearchFlightTest" time="5.471" errors="0" timestamp="2022-08-22T10:25:23 IST" skipped="0">
  <testcase classname="com.automation.Test.SearchFlightTest" name="BasicSearch" time="1.554"/>
  <system-out/>
  <testcase classname="com.automation.Test.SearchFlightTest" name="ParameterizedSearch" time="0.997"/>
  <system-out/>
  <testcase classname="com.automation.Test.SearchFlightTest" name="RoundTripSearch" time="1.570"/>
  <system-out/>
  <testcase classname="com.automation.Test.SearchFlightTest" name="MultiCitySearch" time="1.350"/>
  <system-out/>
</testsuite> <!-- com.automation.Test.SearchFlightTest -->
